<?xml version="1.0" encoding="UTF-8"?>
<testsuites name="TS_RegressionTest" time="65.289" tests="1" failures="0" errors="0">
   <testsuite name="TS_RegressionTest" tests="1" failures="0" errors="0" time="65.289" skipped="0" timestamp="2022-11-17 09:12:25" hostname="virgosol - localhost" id="Test Suites/TS_RegressionTest">
      <properties>
         <property name="deviceName" value=""/>
         <property name="devicePlatform" value=""/>
         <property name="logFolder" value="/Users/virgosol/git/Katalon-Test-Projects/Reports/20221117_091211/TS_RegressionTest/20221117_091221"/>
         <property name="logFiles" value="/Users/virgosol/git/Katalon-Test-Projects/Reports/20221117_091211/TS_RegressionTest/20221117_091221/execution0.log"/>
         <property name="attachments" value=""/>
         <property name="hostName" value="virgosol - localhost"/>
         <property name="os" value="Mac OS X 64bit"/>
         <property name="katalonVersion" value="8.5.2.208"/>
         <property name="browser" value="Chrome 107.0.0.0"/>
         <property name="hostAddress" value="127.0.0.1"/>
         <property name="sessionId" value="c9f0a7fc3e8900d36d0de15b75b92af0"/>
         <property name="seleniumVersion" value="3.141.59"/>
         <property name="proxyInformation" value="ProxyInformation { proxyOption=NO_PROXY, proxyServerType=HTTP, username=, password=********, proxyServerAddress=, proxyServerPort=0, executionList=&quot;&quot;, isApplyToDesiredCapabilities=true }"/>
         <property name="platform" value="Mac OS X"/>
      </properties>
      <testcase name="Test Cases/logoTest" time="64.664" classname="Test Cases/logoTest" status="PASSED">
         <system-out><![CDATA[2022-11-17 09:12:26 - [TEST_CASE][PASSED] - Test Cases/logoTest: Test Cases/logoTest

2022-11-17 09:12:26 - [TEST_STEP][PASSED] - openBrowser(""): Browser is opened with url: ''

2022-11-17 09:12:27 - [MESSAGE][INFO] - Starting 'Chrome' driver

2022-11-17 09:12:27 - [MESSAGE][INFO] - Action delay is set to 0 milliseconds

2022-11-17 09:12:40 - [MESSAGE][PASSED] - Browser is opened with url: ''

2022-11-17 09:12:40 - [TEST_STEP][PASSED] - maximizeWindow(): Current window maximized

2022-11-17 09:12:40 - [MESSAGE][PASSED] - Current window maximized

2022-11-17 09:12:40 - [TEST_STEP][PASSED] - navigateToUrl("https://www.google.com"): Navigate to 'https://www.google.com' successfully

2022-11-17 09:12:47 - [MESSAGE][PASSED] - Navigate to 'https://www.google.com' successfully

2022-11-17 09:12:47 - [TEST_STEP][PASSED] - setText(findTestObject("Object Repository/Page_Google/input__q"), "logo yazılım"): Text 'logo yazılım' is set on object 'Object Repository/Page_Google/input__q'

2022-11-17 09:12:49 - [MESSAGE][PASSED] - Text 'logo yazılım' is set on object 'Object Repository/Page_Google/input__q'

2022-11-17 09:12:49 - [TEST_STEP][PASSED] - click(findTestObject("Object Repository/Page_Google/input_Sil_btnK")): Object: 'Object Repository/Page_Google/input_Sil_btnK' is clicked on

2022-11-17 09:13:02 - [MESSAGE][PASSED] - Object: 'Object Repository/Page_Google/input_Sil_btnK' is clicked on

2022-11-17 09:13:02 - [TEST_STEP][PASSED] - click(findTestObject("Object Repository/Page_logo yazlm - Googleda Ara/span_Logo Yazlm - Logo Fiyatlar 2022 nceleyin")): Object: 'Object Repository/Page_logo yazlm - Googleda Ara/span_Logo Yazlm - Logo Fiyatlar 2022 nceleyin' is clicked on

2022-11-17 09:13:30 - [MESSAGE][PASSED] - Object: 'Object Repository/Page_logo yazlm - Googleda Ara/span_Logo Yazlm - Logo Fiyatlar 2022 nceleyin' is clicked on

2022-11-17 09:13:30 - [TEST_STEP][PASSED] - closeBrowser(): Browser is closed

2022-11-17 09:13:30 - [MESSAGE][PASSED] - Browser is closed]]></system-out>
         <system-err><![CDATA[]]></system-err>
      </testcase>
      <system-out><![CDATA[2022-11-17 09:12:25 - [TEST_SUITE][PASSED] - TS_RegressionTest: Test Cases/logoTest]]></system-out>
      <system-err><![CDATA[]]></system-err>
   </testsuite>
</testsuites>
